<?xml version="1.0" encoding="UTF-8"?>
<!-- Generated by org.testng.reporters.JUnitReportReporter -->
<testsuite hostname="DESKTOP-1NJFD0M" failures="0" tests="8" name="tests.LoginPageTest" time="26.766" errors="0" timestamp="2022-08-28T22:51:56 EET" skipped="0">
  <testcase classname="tests.LoginPageTest" name="UserLoginFailWrongPassword" time="4.440"/>
  <system-out/>
  <testcase classname="tests.LoginPageTest" name="UserLoginFailWrongEmailWrongPass" time="3.356"/>
  <system-out/>
  <testcase classname="tests.LoginPageTest" name="UserLoginFailSpecialCharEmail" time="3.369"/>
  <system-out/>
  <testcase classname="tests.LoginPageTest" name="UserLoginFailNoSpecialCharEmail" time="3.381"/>
  <system-out/>
  <testcase classname="tests.LoginPageTest" name="UserLoginFailBlankEmail" time="3.311"/>
  <system-out/>
  <testcase classname="tests.LoginPageTest" name="UserLoginFailBlankEmailBlankPassword" time="3.281"/>
  <system-out/>
  <testcase classname="tests.LoginPageTest" name="UserLoginFailBlankPassword" time="3.299"/>
  <system-out/>
  <testcase classname="tests.LoginPageTest" name="UserCanLoginSuccssfully" time="2.329"/>
  <system-out/>
</testsuite> <!-- tests.LoginPageTest -->
