<?xml version="1.0" encoding="UTF-8"?>
<!-- Generated by org.testng.reporters.JUnitReportReporter -->
<testsuite hostname="DESKTOP-1NJFD0M" failures="0" tests="11" name="tests.LoginPageTest" time="44.780" errors="0" timestamp="2022-08-30T20:00:34 EET" skipped="0">
  <testcase classname="tests.LoginPageTest" name="UserLoginFailWrongEmail" time="4.423"/>
  <system-out/>
  <testcase classname="tests.LoginPageTest" name="UserLoginFailWrongPassword" time="4.366"/>
  <system-out/>
  <testcase classname="tests.LoginPageTest" name="UserLoginFailWrongEmailWrongPass" time="3.366"/>
  <system-out/>
  <testcase classname="tests.LoginPageTest" name="UserLoginFailSpecialCharEmail" time="4.363"/>
  <system-out/>
  <testcase classname="tests.LoginPageTest" name="UserLoginFailNoSpecialCharEmail" time="4.348"/>
  <system-out/>
  <testcase classname="tests.LoginPageTest" name="UserLoginFailBlankEmail" time="4.322"/>
  <system-out/>
  <testcase classname="tests.LoginPageTest" name="UserLoginDisabledUser" time="4.333"/>
  <system-out/>
  <testcase classname="tests.LoginPageTest" name="UserLoginFailBlankPassword" time="4.323"/>
  <system-out/>
  <testcase classname="tests.LoginPageTest" name="UserLoginExpiredPassword" time="4.311"/>
  <system-out/>
  <testcase classname="tests.LoginPageTest" name="UserLoginFailBlankEmailBlankPassword" time="4.319"/>
  <system-out/>
  <testcase classname="tests.LoginPageTest" name="UserCanLoginSuccssfully" time="2.306"/>
  <system-out/>
</testsuite> <!-- tests.LoginPageTest -->
