<?xml version="1.0" encoding="UTF-8"?>
<!-- Generated by org.testng.reporters.JUnitReportReporter -->
<testsuite hostname="DESKTOP-1NJFD0M" failures="0" tests="4" name="tests.ForgetPasswordPageTest" time="13.189" errors="0" timestamp="2022-08-28T22:52:28 EET" skipped="0">
  <testcase classname="tests.ForgetPasswordPageTest" name="UserEnterblankEmail" time="2.282"/>
  <system-out/>
  <testcase classname="tests.ForgetPasswordPageTest" name="UserEnterInvalidEmail" time="3.326"/>
  <system-out/>
  <testcase classname="tests.ForgetPasswordPageTest" name="UserEnterCorrectEmail" time="3.327"/>
  <system-out/>
  <testcase classname="tests.ForgetPasswordPageTest" name="UserGoBackToLogin" time="4.254"/>
  <system-out/>
</testsuite> <!-- tests.ForgetPasswordPageTest -->
