<?xml version="1.0" encoding="UTF-8"?>
<!-- Generated by org.testng.reporters.JUnitReportReporter -->
<testsuite hostname="DESKTOP-1NJFD0M" failures="0" tests="4" name="tests.ForgetPasswordPageTest" time="13.245" errors="0" timestamp="2022-08-26T01:18:08 EET" skipped="0">
  <testcase classname="tests.ForgetPasswordPageTest" name="UserEnterblankEmail" time="2.314"/>
  <system-out/>
  <testcase classname="tests.ForgetPasswordPageTest" name="UserEnterInvalidEmail" time="3.317"/>
  <system-out/>
  <testcase classname="tests.ForgetPasswordPageTest" name="UserEnterCorrectEmail" time="3.345"/>
  <system-out/>
  <testcase classname="tests.ForgetPasswordPageTest" name="UserGoBackToLogin" time="4.269"/>
  <system-out/>
</testsuite> <!-- tests.ForgetPasswordPageTest -->
